TN:
SF:C:\Users\Peter\Documents\Bachelor\javascript-crypto-cryptoexamples\src\objectOriented\ExampleAsymmetricStringEncryption.js
FN:37,(anonymous_0)
FN:50,(anonymous_1)
FNF:2
FNH:2
FNDA:4,(anonymous_0)
FNDA:3,(anonymous_1)
DA:10,1
DA:12,1
DA:13,1
DA:16,1
DA:37,1
DA:38,4
DA:39,4
DA:40,4
DA:41,4
DA:50,1
DA:51,3
DA:52,3
DA:53,3
DA:54,3
DA:58,1
DA:63,1
DA:65,1
DA:67,1
DA:69,1
DA:71,1
DA:76,0
DA:80,1
LF:22
LH:21
BRDA:73,0,0,1
BRDA:73,0,1,0
BRF:2
BRH:1
end_of_record
TN:
SF:C:\Users\Peter\Documents\Bachelor\javascript-crypto-cryptoexamples\src\objectOriented\ExampleFileEncryption.js
FN:40,(anonymous_0)
FN:63,(anonymous_1)
FNF:2
FNH:2
FNDA:1,(anonymous_0)
FNDA:1,(anonymous_1)
DA:11,1
DA:12,1
DA:13,1
DA:14,1
DA:17,1
DA:40,1
DA:42,1
DA:44,1
DA:45,1
DA:46,1
DA:48,1
DA:49,1
DA:63,1
DA:65,1
DA:67,1
DA:68,1
DA:69,1
DA:70,1
DA:72,1
DA:73,1
DA:76,1
DA:79,1
DA:80,1
DA:81,1
DA:85,1
DA:87,1
DA:89,1
DA:92,1
DA:93,1
DA:94,1
DA:95,1
DA:96,1
DA:101,0
LF:33
LH:32
BRDA:80,0,0,1
BRDA:80,0,1,0
BRDA:98,1,0,1
BRDA:98,1,1,0
BRF:4
BRH:2
end_of_record
TN:
SF:C:\Users\Peter\Documents\Bachelor\javascript-crypto-cryptoexamples\src\objectOriented\ExampleHash.js
FN:31,(anonymous_0)
FNF:1
FNH:1
FNDA:2,(anonymous_0)
DA:10,1
DA:11,1
DA:14,1
DA:31,1
DA:33,2
DA:35,2
DA:36,8
DA:39,2
DA:40,2
DA:44,1
DA:47,1
DA:49,1
DA:51,1
DA:53,0
DA:57,1
LF:15
LH:14
BRF:0
BRH:0
end_of_record
TN:
SF:C:\Users\Peter\Documents\Bachelor\javascript-crypto-cryptoexamples\src\objectOriented\ExampleStringEncryptionKeyBased.js
FN:34,(anonymous_0)
FN:48,(anonymous_1)
FNF:2
FNH:2
FNDA:4,(anonymous_0)
FNDA:4,(anonymous_1)
DA:10,1
DA:11,1
DA:14,1
DA:34,1
DA:35,4
DA:36,3
DA:37,3
DA:38,3
DA:48,1
DA:49,4
DA:50,3
DA:51,3
DA:52,3
DA:56,1
DA:60,1
DA:61,1
DA:62,1
DA:65,1
DA:67,1
DA:69,1
DA:71,1
DA:72,1
DA:77,0
DA:81,1
LF:24
LH:23
BRDA:61,0,0,1
BRDA:61,0,1,0
BRDA:74,1,0,1
BRDA:74,1,1,0
BRF:4
BRH:2
end_of_record
TN:
SF:C:\Users\Peter\Documents\Bachelor\javascript-crypto-cryptoexamples\src\objectOriented\ExampleStringEncryptionPasswordBased.js
FN:34,(anonymous_0)
FN:50,(anonymous_1)
FN:63,(anonymous_2)
FNF:3
FNH:3
FNDA:2,(anonymous_0)
FNDA:4,(anonymous_1)
FNDA:4,(anonymous_2)
DA:11,1
DA:12,1
DA:15,1
DA:34,1
DA:35,2
DA:37,2
DA:41,2
DA:50,1
DA:51,4
DA:52,3
DA:53,3
DA:54,3
DA:63,1
DA:64,4
DA:65,3
DA:66,3
DA:67,3
DA:71,1
DA:73,1
DA:76,1
DA:77,1
DA:78,1
DA:83,1
DA:85,1
DA:87,1
DA:89,1
DA:91,1
DA:96,0
DA:100,1
LF:29
LH:28
BRDA:77,0,0,1
BRDA:77,0,1,0
BRDA:93,1,0,1
BRDA:93,1,1,0
BRF:4
BRH:2
end_of_record
