TN:
SF:C:\Users\Peter\Documents\Bachelor\javascript-crypto-cryptoexamples\src\allinone\ExampleAsymmetricStringEncryption.js
FN:28,(anonymous_0)
FNF:1
FNH:1
FNDA:2,(anonymous_0)
DA:11,1
DA:12,1
DA:13,1
DA:15,1
DA:28,1
DA:29,2
DA:32,2
DA:37,2
DA:38,2
DA:40,2
DA:41,2
DA:48,2
DA:51,2
DA:52,2
DA:59,2
DA:61,2
DA:66,0
DA:71,1
DA:74,1
LF:19
LH:18
BRDA:63,0,0,2
BRDA:63,0,1,0
BRF:2
BRH:1
end_of_record
TN:
SF:C:\Users\Peter\Documents\Bachelor\javascript-crypto-cryptoexamples\src\allinone\ExampleFileEncryption.js
FN:29,(anonymous_0)
FNF:1
FNH:1
FNDA:2,(anonymous_0)
DA:12,1
DA:13,1
DA:14,1
DA:16,1
DA:29,1
DA:30,2
DA:33,2
DA:34,2
DA:35,2
DA:40,2
DA:41,2
DA:44,2
DA:47,2
DA:48,2
DA:49,2
DA:50,2
DA:51,2
DA:52,2
DA:55,2
DA:56,2
DA:57,2
DA:58,2
DA:59,2
DA:60,2
DA:62,2
DA:67,0
DA:71,1
DA:74,1
LF:28
LH:27
BRDA:34,0,0,2
BRDA:34,0,1,0
BRDA:64,1,0,2
BRDA:64,1,1,0
BRF:4
BRH:2
end_of_record
TN:
SF:C:\Users\Peter\Documents\Bachelor\javascript-crypto-cryptoexamples\src\allinone\ExampleHash.js
FN:26,(anonymous_0)
FNF:1
FNH:1
FNDA:2,(anonymous_0)
DA:10,1
DA:11,1
DA:13,1
DA:26,1
DA:27,2
DA:30,2
DA:32,2
DA:33,2
DA:34,2
DA:36,2
DA:37,2
DA:39,2
DA:40,2
DA:41,2
DA:43,2
DA:45,2
DA:47,0
DA:51,1
DA:54,1
LF:19
LH:18
BRF:0
BRH:0
end_of_record
TN:
SF:C:\Users\Peter\Documents\Bachelor\javascript-crypto-cryptoexamples\src\allinone\ExampleSignature.js
FN:27,(anonymous_0)
FNF:1
FNH:1
FNDA:2,(anonymous_0)
DA:10,1
DA:11,1
DA:12,1
DA:14,1
DA:27,1
DA:28,2
DA:31,2
DA:36,2
DA:37,2
DA:39,2
DA:40,2
DA:41,2
DA:51,2
DA:52,2
DA:53,2
DA:63,2
DA:65,0
DA:69,1
DA:72,1
LF:19
LH:18
BRF:0
BRH:0
end_of_record
TN:
SF:C:\Users\Peter\Documents\Bachelor\javascript-crypto-cryptoexamples\src\allinone\ExampleStringEncryptionKeyBased.js
FN:27,(anonymous_0)
FNF:1
FNH:1
FNDA:2,(anonymous_0)
DA:11,1
DA:12,1
DA:14,1
DA:27,1
DA:28,2
DA:31,2
DA:35,2
DA:36,2
DA:37,2
DA:39,2
DA:41,2
DA:44,2
DA:45,2
DA:46,2
DA:47,2
DA:50,2
DA:51,2
DA:52,2
DA:53,2
DA:55,2
DA:60,0
DA:64,1
DA:67,1
LF:23
LH:22
BRDA:36,0,0,2
BRDA:36,0,1,0
BRDA:57,1,0,2
BRDA:57,1,1,0
BRF:4
BRH:2
end_of_record
TN:
SF:C:\Users\Peter\Documents\Bachelor\javascript-crypto-cryptoexamples\src\allinone\ExampleStringEncryptionPasswordBased.js
FN:28,(anonymous_0)
FNF:1
FNH:1
FNDA:2,(anonymous_0)
DA:12,1
DA:13,1
DA:15,1
DA:28,1
DA:29,2
DA:32,2
DA:36,2
DA:37,2
DA:38,2
DA:40,2
DA:43,2
DA:44,2
DA:47,2
DA:50,2
DA:51,2
DA:52,2
DA:53,2
DA:56,2
DA:57,2
DA:58,2
DA:59,2
DA:61,2
DA:66,0
DA:70,1
DA:73,1
LF:25
LH:24
BRDA:37,0,0,2
BRDA:37,0,1,0
BRDA:63,1,0,2
BRDA:63,1,1,0
BRF:4
BRH:2
end_of_record
